<?xml version="1.0" encoding="UTF-8"?>
<testsuite xmlns:xsi="http://www.w3.org/2001/XMLSchema-instance" xsi:noNamespaceSchemaLocation="https://maven.apache.org/surefire/maven-surefire-plugin/xsd/surefire-test-report.xsd" name="com.aleen.project.ticketSystemProject.TestMainVerticle" time="1.218" tests="1" errors="0" skipped="0" failures="0">
  <properties>
    <property name="java.specification.version" value="17"/>
    <property name="sun.cpu.isalist" value="amd64"/>
    <property name="sun.jnu.encoding" value="Cp1252"/>
    <property name="java.class.path" value="C:\Working Projects\vert.x project\ticketSystemProject1\ticketSystemProject\target\test-classes;C:\Working Projects\vert.x project\ticketSystemProject1\ticketSystemProject\target\classes;C:\Users\asaleh\.m2\repository\io\vertx\vertx-auth-jwt\4.5.13\vertx-auth-jwt-4.5.13.jar;C:\Users\asaleh\.m2\repository\io\vertx\vertx-auth-common\4.5.13\vertx-auth-common-4.5.13.jar;C:\Users\asaleh\.m2\repository\io\vertx\vertx-core\4.5.13\vertx-core-4.5.13.jar;C:\Users\asaleh\.m2\repository\io\netty\netty-common\4.1.118.Final\netty-common-4.1.118.Final.jar;C:\Users\asaleh\.m2\repository\io\netty\netty-buffer\4.1.118.Final\netty-buffer-4.1.118.Final.jar;C:\Users\asaleh\.m2\repository\io\netty\netty-transport\4.1.118.Final\netty-transport-4.1.118.Final.jar;C:\Users\asaleh\.m2\repository\io\netty\netty-handler\4.1.118.Final\netty-handler-4.1.118.Final.jar;C:\Users\asaleh\.m2\repository\io\netty\netty-transport-native-unix-common\4.1.118.Final\netty-transport-native-unix-common-4.1.118.Final.jar;C:\Users\asaleh\.m2\repository\io\netty\netty-codec\4.1.118.Final\netty-codec-4.1.118.Final.jar;C:\Users\asaleh\.m2\repository\io\netty\netty-handler-proxy\4.1.118.Final\netty-handler-proxy-4.1.118.Final.jar;C:\Users\asaleh\.m2\repository\io\netty\netty-codec-socks\4.1.118.Final\netty-codec-socks-4.1.118.Final.jar;C:\Users\asaleh\.m2\repository\io\netty\netty-codec-http\4.1.118.Final\netty-codec-http-4.1.118.Final.jar;C:\Users\asaleh\.m2\repository\io\netty\netty-codec-http2\4.1.118.Final\netty-codec-http2-4.1.118.Final.jar;C:\Users\asaleh\.m2\repository\io\netty\netty-resolver\4.1.118.Final\netty-resolver-4.1.118.Final.jar;C:\Users\asaleh\.m2\repository\io\netty\netty-resolver-dns\4.1.118.Final\netty-resolver-dns-4.1.118.Final.jar;C:\Users\asaleh\.m2\repository\io\netty\netty-codec-dns\4.1.118.Final\netty-codec-dns-4.1.118.Final.jar;C:\Users\asaleh\.m2\repository\com\fasterxml\jackson\core\jackson-core\2.16.1\jackson-core-2.16.1.jar;C:\Users\asaleh\.m2\repository\io\vertx\vertx-web\4.5.13\vertx-web-4.5.13.jar;C:\Users\asaleh\.m2\repository\io\vertx\vertx-web-common\4.5.13\vertx-web-common-4.5.13.jar;C:\Users\asaleh\.m2\repository\io\vertx\vertx-bridge-common\4.5.13\vertx-bridge-common-4.5.13.jar;C:\Users\asaleh\.m2\repository\io\vertx\vertx-mysql-client\4.5.13\vertx-mysql-client-4.5.13.jar;C:\Users\asaleh\.m2\repository\io\vertx\vertx-sql-client\4.5.13\vertx-sql-client-4.5.13.jar;C:\Users\asaleh\.m2\repository\io\vertx\vertx-junit5\4.5.13\vertx-junit5-4.5.13.jar;C:\Users\asaleh\.m2\repository\org\junit\jupiter\junit-jupiter-params\5.8.2\junit-jupiter-params-5.8.2.jar;C:\Users\asaleh\.m2\repository\org\junit\jupiter\junit-jupiter-api\5.9.1\junit-jupiter-api-5.9.1.jar;C:\Users\asaleh\.m2\repository\org\opentest4j\opentest4j\1.2.0\opentest4j-1.2.0.jar;C:\Users\asaleh\.m2\repository\org\junit\platform\junit-platform-commons\1.9.1\junit-platform-commons-1.9.1.jar;C:\Users\asaleh\.m2\repository\org\apiguardian\apiguardian-api\1.1.2\apiguardian-api-1.1.2.jar;C:\Users\asaleh\.m2\repository\org\junit\jupiter\junit-jupiter-engine\5.9.1\junit-jupiter-engine-5.9.1.jar;C:\Users\asaleh\.m2\repository\org\junit\platform\junit-platform-engine\1.9.1\junit-platform-engine-1.9.1.jar;C:\Users\asaleh\.m2\repository\io\vertx\vertx-json-schema\4.5.13\vertx-json-schema-4.5.13.jar;C:\Users\asaleh\.m2\repository\io\vertx\vertx-auth-jdbc\4.5.13\vertx-auth-jdbc-4.5.13.jar;C:\Users\asaleh\.m2\repository\io\vertx\vertx-jdbc-client\4.5.13\vertx-jdbc-client-4.5.13.jar;C:\Users\asaleh\.m2\repository\com\mchange\c3p0\0.9.5.5\c3p0-0.9.5.5.jar;C:\Users\asaleh\.m2\repository\com\mchange\mchange-commons-java\0.2.19\mchange-commons-java-0.2.19.jar;"/>
    <property name="java.vm.vendor" value="Oracle Corporation"/>
    <property name="sun.arch.data.model" value="64"/>
    <property name="user.variant" value=""/>
    <property name="java.vendor.url" value="https://java.oracle.com/"/>
    <property name="user.timezone" value="Asia/Amman"/>
    <property name="os.name" value="Windows 11"/>
    <property name="java.vm.specification.version" value="17"/>
    <property name="sun.java.launcher" value="SUN_STANDARD"/>
    <property name="user.country" value="US"/>
    <property name="sun.boot.library.path" value="C:\Program Files\Java\jdk-17\bin"/>
    <property name="sun.java.command" value="C:\Users\asaleh\AppData\Local\Temp\surefire13985779388233812989\surefirebooter14384303678783889472.jar C:\Users\asaleh\AppData\Local\Temp\surefire13985779388233812989 2025-04-06T15-00-51_637-jvmRun1 surefire4032900491962891481tmp surefire_017755348081664174706tmp"/>
    <property name="jdk.debug" value="release"/>
    <property name="surefire.test.class.path" value="C:\Working Projects\vert.x project\ticketSystemProject1\ticketSystemProject\target\test-classes;C:\Working Projects\vert.x project\ticketSystemProject1\ticketSystemProject\target\classes;C:\Users\asaleh\.m2\repository\io\vertx\vertx-auth-jwt\4.5.13\vertx-auth-jwt-4.5.13.jar;C:\Users\asaleh\.m2\repository\io\vertx\vertx-auth-common\4.5.13\vertx-auth-common-4.5.13.jar;C:\Users\asaleh\.m2\repository\io\vertx\vertx-core\4.5.13\vertx-core-4.5.13.jar;C:\Users\asaleh\.m2\repository\io\netty\netty-common\4.1.118.Final\netty-common-4.1.118.Final.jar;C:\Users\asaleh\.m2\repository\io\netty\netty-buffer\4.1.118.Final\netty-buffer-4.1.118.Final.jar;C:\Users\asaleh\.m2\repository\io\netty\netty-transport\4.1.118.Final\netty-transport-4.1.118.Final.jar;C:\Users\asaleh\.m2\repository\io\netty\netty-handler\4.1.118.Final\netty-handler-4.1.118.Final.jar;C:\Users\asaleh\.m2\repository\io\netty\netty-transport-native-unix-common\4.1.118.Final\netty-transport-native-unix-common-4.1.118.Final.jar;C:\Users\asaleh\.m2\repository\io\netty\netty-codec\4.1.118.Final\netty-codec-4.1.118.Final.jar;C:\Users\asaleh\.m2\repository\io\netty\netty-handler-proxy\4.1.118.Final\netty-handler-proxy-4.1.118.Final.jar;C:\Users\asaleh\.m2\repository\io\netty\netty-codec-socks\4.1.118.Final\netty-codec-socks-4.1.118.Final.jar;C:\Users\asaleh\.m2\repository\io\netty\netty-codec-http\4.1.118.Final\netty-codec-http-4.1.118.Final.jar;C:\Users\asaleh\.m2\repository\io\netty\netty-codec-http2\4.1.118.Final\netty-codec-http2-4.1.118.Final.jar;C:\Users\asaleh\.m2\repository\io\netty\netty-resolver\4.1.118.Final\netty-resolver-4.1.118.Final.jar;C:\Users\asaleh\.m2\repository\io\netty\netty-resolver-dns\4.1.118.Final\netty-resolver-dns-4.1.118.Final.jar;C:\Users\asaleh\.m2\repository\io\netty\netty-codec-dns\4.1.118.Final\netty-codec-dns-4.1.118.Final.jar;C:\Users\asaleh\.m2\repository\com\fasterxml\jackson\core\jackson-core\2.16.1\jackson-core-2.16.1.jar;C:\Users\asaleh\.m2\repository\io\vertx\vertx-web\4.5.13\vertx-web-4.5.13.jar;C:\Users\asaleh\.m2\repository\io\vertx\vertx-web-common\4.5.13\vertx-web-common-4.5.13.jar;C:\Users\asaleh\.m2\repository\io\vertx\vertx-bridge-common\4.5.13\vertx-bridge-common-4.5.13.jar;C:\Users\asaleh\.m2\repository\io\vertx\vertx-mysql-client\4.5.13\vertx-mysql-client-4.5.13.jar;C:\Users\asaleh\.m2\repository\io\vertx\vertx-sql-client\4.5.13\vertx-sql-client-4.5.13.jar;C:\Users\asaleh\.m2\repository\io\vertx\vertx-junit5\4.5.13\vertx-junit5-4.5.13.jar;C:\Users\asaleh\.m2\repository\org\junit\jupiter\junit-jupiter-params\5.8.2\junit-jupiter-params-5.8.2.jar;C:\Users\asaleh\.m2\repository\org\junit\jupiter\junit-jupiter-api\5.9.1\junit-jupiter-api-5.9.1.jar;C:\Users\asaleh\.m2\repository\org\opentest4j\opentest4j\1.2.0\opentest4j-1.2.0.jar;C:\Users\asaleh\.m2\repository\org\junit\platform\junit-platform-commons\1.9.1\junit-platform-commons-1.9.1.jar;C:\Users\asaleh\.m2\repository\org\apiguardian\apiguardian-api\1.1.2\apiguardian-api-1.1.2.jar;C:\Users\asaleh\.m2\repository\org\junit\jupiter\junit-jupiter-engine\5.9.1\junit-jupiter-engine-5.9.1.jar;C:\Users\asaleh\.m2\repository\org\junit\platform\junit-platform-engine\1.9.1\junit-platform-engine-1.9.1.jar;C:\Users\asaleh\.m2\repository\io\vertx\vertx-json-schema\4.5.13\vertx-json-schema-4.5.13.jar;C:\Users\asaleh\.m2\repository\io\vertx\vertx-auth-jdbc\4.5.13\vertx-auth-jdbc-4.5.13.jar;C:\Users\asaleh\.m2\repository\io\vertx\vertx-jdbc-client\4.5.13\vertx-jdbc-client-4.5.13.jar;C:\Users\asaleh\.m2\repository\com\mchange\c3p0\0.9.5.5\c3p0-0.9.5.5.jar;C:\Users\asaleh\.m2\repository\com\mchange\mchange-commons-java\0.2.19\mchange-commons-java-0.2.19.jar;"/>
    <property name="sun.cpu.endian" value="little"/>
    <property name="user.home" value="C:\Users\asaleh"/>
    <property name="user.language" value="en"/>
    <property name="java.specification.vendor" value="Oracle Corporation"/>
    <property name="java.version.date" value="2024-04-16"/>
    <property name="java.home" value="C:\Program Files\Java\jdk-17"/>
    <property name="file.separator" value="\"/>
    <property name="basedir" value="C:\Working Projects\vert.x project\ticketSystemProject1\ticketSystemProject"/>
    <property name="java.vm.compressedOopsMode" value="Zero based"/>
    <property name="line.separator" value="&#10;"/>
    <property name="java.vm.specification.vendor" value="Oracle Corporation"/>
    <property name="java.specification.name" value="Java Platform API Specification"/>
    <property name="surefire.real.class.path" value="C:\Users\asaleh\AppData\Local\Temp\surefire13985779388233812989\surefirebooter14384303678783889472.jar"/>
    <property name="user.script" value=""/>
    <property name="sun.management.compiler" value="HotSpot 64-Bit Tiered Compilers"/>
    <property name="java.runtime.version" value="17.0.11+7-LTS-207"/>
    <property name="user.name" value="asaleh"/>
    <property name="path.separator" value=";"/>
    <property name="os.version" value="10.0"/>
    <property name="java.runtime.name" value="Java(TM) SE Runtime Environment"/>
    <property name="file.encoding" value="Cp1252"/>
    <property name="java.vm.name" value="Java HotSpot(TM) 64-Bit Server VM"/>
    <property name="localRepository" value="C:\Users\asaleh\.m2\repository"/>
    <property name="java.vendor.url.bug" value="https://bugreport.java.com/bugreport/"/>
    <property name="java.io.tmpdir" value="C:\Users\asaleh\AppData\Local\Temp\"/>
    <property name="idea.version" value="2024.3.4.1"/>
    <property name="java.version" value="17.0.11"/>
    <property name="user.dir" value="C:\Working Projects\vert.x project\ticketSystemProject1\ticketSystemProject"/>
    <property name="os.arch" value="amd64"/>
    <property name="java.vm.specification.name" value="Java Virtual Machine Specification"/>
    <property name="sun.os.patch.level" value=""/>
    <property name="native.encoding" value="Cp1252"/>
    <property name="java.library.path" value="C:\Program Files\Java\jdk-17\bin;C:\Windows\Sun\Java\bin;C:\Windows\system32;C:\Windows;C:\Program Files\Common Files\Oracle\Java\javapath;C:\Windows\system32;C:\Windows;C:\Windows\System32\Wbem;C:\Windows\System32\WindowsPowerShell\v1.0\;C:\Windows\System32\OpenSSH\;C:\Program Files\Java\jdk-23\bin;C:\Program Files\Microsoft SQL Server\Client SDK\ODBC\170\Tools\Binn\;C:\Program Files (x86)\Microsoft SQL Server\150\Tools\Binn\;C:\Program Files\Microsoft SQL Server\150\Tools\Binn\;C:\Program Files\Microsoft SQL Server\150\DTS\Binn\;C:\Program Files\Git\cmd;C:\Program Files (x86)\Microsoft SQL Server\160\Tools\Binn\;C:\Program Files\Microsoft SQL Server\160\Tools\Binn\;C:\Program Files\Microsoft SQL Server\160\DTS\Binn\;C:\Program Files (x86)\Microsoft SQL Server\160\DTS\Binn\;C:\Users\asaleh\AppData\Local\Microsoft\WindowsApps;;."/>
    <property name="java.vm.info" value="mixed mode, sharing"/>
    <property name="java.vendor" value="Oracle Corporation"/>
    <property name="java.vm.version" value="17.0.11+7-LTS-207"/>
    <property name="sun.io.unicode.encoding" value="UnicodeLittle"/>
    <property name="java.class.version" value="61.0"/>
  </properties>
  <testcase name="verticle_deployed{Vertx, VertxTestContext}" classname="com.aleen.project.ticketSystemProject.TestMainVerticle" time="1.207"/>
</testsuite>